<?xml version="1.0" encoding="UTF-8"?>
<testng-results skipped="0" failed="0" total="1" passed="1">
  <reporter-output>
  </reporter-output>
  <suite name="Default suite" duration-ms="22" started-at="2015-08-13T15:40:39Z" finished-at="2015-08-13T15:40:39Z">
    <groups>
    </groups>
    <test name="Default test" duration-ms="22" started-at="2015-08-13T15:40:39Z" finished-at="2015-08-13T15:40:39Z">
      <class name="gitTest.myGitTest">
        <test-method status="PASS" signature="testGit()[pri:0, instance:gitTest.myGitTest@214a55f2]" name="testGit" duration-ms="10" started-at="2015-08-13T11:40:39Z" finished-at="2015-08-13T11:40:39Z">
          <reporter-output>
          </reporter-output>
        </test-method> <!-- testGit -->
      </class> <!-- gitTest.myGitTest -->
    </test> <!-- Default test -->
  </suite> <!-- Default suite -->
</testng-results>
